********************************************************************************
DUPLICATOR-LITE PACKAGE-LOG: 13 May 2020 10 h 03 min
NOTICE: Do NOT post to public sites or forums 
********************************************************************************
VERSION:	1.3.32
WORDPRESS:	5.4
PHP INFO:	7.4.2 | SAPI: apache2handler
SERVER:		Apache/2.2.34 (Unix) mod_wsgi/3.5 Python/2.7.13 PHP/7.4.2 mod_ssl/2.2.34 OpenSSL/1.0.2o DAV/2 mod_fastcgi/mod_fastcgi-SNAP-0910052141 mod_perl/2.0.11 Perl/v5.24.0 
PHP TIME LIMIT: (0) no time limit imposed 
PHP MAX MEMORY: 4294967296 (128M default) 
MEMORY STACK: 4MB

********************************************************************************
DATABASE:
********************************************************************************
BUILD MODE:   PHP(query limit - 100)
MYSQLTIMEOUT: 5000
MYSQLDUMP:    Not Supported
TABLES: total:13 | filtered:0 | create:13
FILTERED: []
SQL CREATED: 20200513_evaluationback_be0230bc08da215c3941_20200513100353_database.sql
SQL FILE SIZE: 455.05KB (465969)
SQL FILE TIME: 2020-05-13 10:03:57
SQL RUNTIME: 0.10 sec.

********************************************************************************
ARCHIVE (ZIP):
********************************************************************************
ARCHIVE DIR:  /Users/nab/virtual-hosts/dwwm_Nabil/evalBack/wordpress
ARCHIVE FILE: 20200513_evaluationback_be0230bc08da215c3941_20200513100353_archive.zip
FILTERS: *OFF*
DIRS:
	not set
FILES:
	not set
EXTS:  not set
----------------------------------------
COMPRESSING
SIZE:	52.12MB
STATS:	Dirs 267 | Files 2,256
SQL ADDED: 20200513_evaluationback_be0230bc08da215c3941_20200513100353_database.sql
ZipArchive Object
(
    [status] => 0
    [statusSys] => 0
    [numFiles] => 2523
    [filename] => /Users/nab/virtual-hosts/dwwm_Nabil/evalBack/wordpress/wp-snapshots/tmp/20200513_evaluationback_be0230bc08da215c3941_20200513100353_archive.zip
    [comment] => 
)

FILE ADDED TO ZIP: 2522
COMPRESSION RESULT: '1'
COMPRESSED SIZE: 16.16MB
ARCHIVE RUNTIME: 6.93 sec.
MEMORY STACK: 6MB
building installer
add_extra_files1
add_extra_files2
add_extra_files3
add_extra_files4
Doing archive file check
add_extra_files5
add_extra_files6
add_extra_files8
Successfully opened zip /Users/nab/virtual-hosts/dwwm_Nabil/evalBack/wordpress/wp-snapshots/tmp/20200513_evaluationback_be0230bc08da215c3941_20200513100353_archive.zip
Adding enhanced installer files to archive using ZipArchive
Installer files added to archive
Added to archive
After ziparchive close when adding installer

********************************************************************************
INTEGRITY CHECKS:
********************************************************************************
SQL FILE: 455.05KB
INSTALLER FILE: 61.32KB
ARCHIVE FILE: 17.63MB 
EXPECTED FILE/DIRECTORY COUNT: 2,523
ACTUAL FILE/DIRECTORY COUNT: 2,522
ARCHIVE CONSISTENCY TEST: Pass

********************************************************************************
RECORD ID:[1]
TOTAL PROCESS RUNTIME: 7.96 sec.
PEAK PHP MEMORY USED: 6MB
DONE PROCESSING => 20200513_evaluationback 13 May 2020 10 h 04 min

