********************************************************************************
DUPLICATOR-LITE PACKAGE-LOG: 6 May 2020 7 h 20 min
NOTICE: Do NOT post to public sites or forums 
********************************************************************************
VERSION:	1.3.30
WORDPRESS:	5.4.1
PHP INFO:	7.4.2 | SAPI: apache2handler
SERVER:		Apache/2.2.34 (Unix) mod_wsgi/3.5 Python/2.7.13 PHP/7.4.2 mod_ssl/2.2.34 OpenSSL/1.0.2o DAV/2 mod_fastcgi/mod_fastcgi-SNAP-0910052141 mod_perl/2.0.11 Perl/v5.24.0 
PHP TIME LIMIT: (0) no time limit imposed 
PHP MAX MEMORY: 4294967296 (128M default) 
MEMORY STACK: 4MB

********************************************************************************
DATABASE:
********************************************************************************
BUILD MODE:   PHP(query limit - 100)
MYSQLTIMEOUT: 5000
MYSQLDUMP:    Not Supported
TABLES: total:13 | filtered:0 | create:13
FILTERED: []
SQL CREATED: footnation_b2c2627f4a8171c39785_20200506072001_database.sql
SQL FILE SIZE: 792.9KB (811931)
SQL FILE TIME: 2020-05-06 07:20:07
SQL RUNTIME: 0.13 sec.

********************************************************************************
ARCHIVE (ZIP):
********************************************************************************
ARCHIVE DIR:  /Users/nab/virtual-hosts/dwwm_Nabil/site wordpress
ARCHIVE FILE: footnation_b2c2627f4a8171c39785_20200506072001_archive.zip
FILTERS: *OFF*
DIRS:
	not set
FILES:
	not set
EXTS:  not set
----------------------------------------
COMPRESSING
SIZE:	91.02MB
STATS:	Dirs 539 | Files 4,053
SQL ADDED: footnation_b2c2627f4a8171c39785_20200506072001_database.sql
ZipArchive Object
(
    [status] => 0
    [statusSys] => 0
    [numFiles] => 4592
    [filename] => /Users/nab/virtual-hosts/dwwm_Nabil/site wordpress/wp-snapshots/tmp/footnation_b2c2627f4a8171c39785_20200506072001_archive.zip
    [comment] => 
)

FILE ADDED TO ZIP: 4591
COMPRESSION RESULT: '1'
COMPRESSED SIZE: 34.69MB
ARCHIVE RUNTIME: 11.93 sec.
MEMORY STACK: 4MB
building installer
add_extra_files1
add_extra_files2
add_extra_files3
add_extra_files4
Doing archive file check
add_extra_files5
add_extra_files6
add_extra_files8
Successfully opened zip /Users/nab/virtual-hosts/dwwm_Nabil/site wordpress/wp-snapshots/tmp/footnation_b2c2627f4a8171c39785_20200506072001_archive.zip
Adding enhanced installer files to archive using ZipArchive
Installer files added to archive
Added to archive
After ziparchive close when adding installer

********************************************************************************
INTEGRITY CHECKS:
********************************************************************************
SQL FILE: 792.9KB
INSTALLER FILE: 61.31KB
ARCHIVE FILE: 36.02MB 
COMPTE ATTENDU DE FICHIERS/RÉPERTOIRES : 4,592
COMPTE ACTUEL DE FICHIERS/RÉPERTOIRES : 4,591
TEST DE COHÉRENCE D’ARCHIVE : Bon

********************************************************************************
RECORD ID:[2]
TOTAL PROCESS RUNTIME: 13.13 sec.
PEAK PHP MEMORY USED: 6MB
DONE PROCESSING => footnation 6 May 2020 7 h 20 min

