********************************************************************************
DUPLICATOR-LITE PACKAGE-LOG: 5 May 2020 10 h 05 min
NOTICE: Do NOT post to public sites or forums 
********************************************************************************
VERSION:	1.3.30
WORDPRESS:	5.4.1
PHP INFO:	7.4.2 | SAPI: apache2handler
SERVER:		Apache/2.2.34 (Unix) mod_wsgi/3.5 Python/2.7.13 PHP/7.4.2 mod_ssl/2.2.34 OpenSSL/1.0.2o DAV/2 mod_fastcgi/mod_fastcgi-SNAP-0910052141 mod_perl/2.0.11 Perl/v5.24.0 
PHP TIME LIMIT: (0) no time limit imposed 
PHP MAX MEMORY: 4294967296 (256M default) 
MEMORY STACK: 8.5MB

********************************************************************************
DATABASE:
********************************************************************************
BUILD MODE:   PHP(query limit - 100)
MYSQLTIMEOUT: 5000
MYSQLDUMP:    Not Supported
TABLES: total:13 | filtered:0 | create:13
FILTERED: []
SQL CREATED: footnation_82575c3fd3e88ef75949_20200505100527_database.sql
SQL FILE SIZE: 628.95KB (644042)
SQL FILE TIME: 2020-05-05 10:05:36
SQL RUNTIME: 0.12 sec.

********************************************************************************
ARCHIVE (ZIP):
********************************************************************************
ARCHIVE DIR:  /Users/nab/virtual-hosts/dwwm_Nabil/site wordpress
ARCHIVE FILE: footnation_82575c3fd3e88ef75949_20200505100527_archive.zip
FILTERS: *OFF*
DIRS:
	not set
FILES:
	not set
EXTS:  not set
----------------------------------------
COMPRESSING
SIZE:	111.25MB
STATS:	Dirs 898 | Files 5,097
SQL ADDED: footnation_82575c3fd3e88ef75949_20200505100527_database.sql
ZipArchive Object
(
    [status] => 0
    [statusSys] => 0
    [numFiles] => 5995
    [filename] => /Users/nab/virtual-hosts/dwwm_Nabil/site wordpress/wp-snapshots/tmp/footnation_82575c3fd3e88ef75949_20200505100527_archive.zip
    [comment] => 
)

FILE ADDED TO ZIP: 5994
COMPRESSION RESULT: '1'
COMPRESSED SIZE: 42.73MB
ARCHIVE RUNTIME: 14.91 sec.
MEMORY STACK: 10.5MB
building installer
add_extra_files1
add_extra_files2
add_extra_files3
add_extra_files4
Doing archive file check
add_extra_files5
add_extra_files6
add_extra_files8
Successfully opened zip /Users/nab/virtual-hosts/dwwm_Nabil/site wordpress/wp-snapshots/tmp/footnation_82575c3fd3e88ef75949_20200505100527_archive.zip
Adding enhanced installer files to archive using ZipArchive
Installer files added to archive
Added to archive
After ziparchive close when adding installer

********************************************************************************
INTEGRITY CHECKS:
********************************************************************************
SQL FILE: 628.95KB
INSTALLER FILE: 61.31KB
ARCHIVE FILE: 44.07MB 
EXPECTED FILE/DIRECTORY COUNT: 5,995
ACTUAL FILE/DIRECTORY COUNT: 5,994
ARCHIVE CONSISTENCY TEST: Pass

********************************************************************************
RECORD ID:[1]
TOTAL PROCESS RUNTIME: 16.75 sec.
PEAK PHP MEMORY USED: 12.5MB
DONE PROCESSING => footnation 5 May 2020 10 h 05 min

