********************************************************************************
DUPLICATOR-LITE PACKAGE-LOG: 7 May 2020 9 h 57 min
NOTICE: Do NOT post to public sites or forums 
********************************************************************************
VERSION:	1.3.30
WORDPRESS:	5.4
PHP INFO:	7.4.2 | SAPI: apache2handler
SERVER:		Apache/2.2.34 (Unix) mod_wsgi/3.5 Python/2.7.13 PHP/7.4.2 mod_ssl/2.2.34 OpenSSL/1.0.2o DAV/2 mod_fastcgi/mod_fastcgi-SNAP-0910052141 mod_perl/2.0.11 Perl/v5.24.0 
PHP TIME LIMIT: (0) no time limit imposed 
PHP MAX MEMORY: 4294967296 (128M default) 
MEMORY STACK: 4MB

********************************************************************************
DATABASE:
********************************************************************************
BUILD MODE:   PHP(query limit - 100)
MYSQLTIMEOUT: 5000
MYSQLDUMP:    Not Supported
TABLES: total:19 | filtered:0 | create:19
FILTERED: []
SQL CREATED: 20200507_evalwp_689f4a590fb1e9279907_20200507095731_database.sql
SQL FILE SIZE: 621.56KB (636475)
SQL FILE TIME: 2020-05-07 09:57:37
SQL RUNTIME: 0.13 sec.

********************************************************************************
ARCHIVE (ZIP):
********************************************************************************
ARCHIVE DIR:  /Users/nab/virtual-hosts/dwwm_Nabil/evalWP
ARCHIVE FILE: 20200507_evalwp_689f4a590fb1e9279907_20200507095731_archive.zip
FILTERS: *OFF*
DIRS:
	not set
FILES:
	not set
EXTS:  not set
----------------------------------------
COMPRESSING
SIZE:	121.62MB
STATS:	Dirs 560 | Files 4,084
SQL ADDED: 20200507_evalwp_689f4a590fb1e9279907_20200507095731_database.sql
ZipArchive Object
(
    [status] => 0
    [statusSys] => 0
    [numFiles] => 4644
    [filename] => /Users/nab/virtual-hosts/dwwm_Nabil/evalWP/wp-snapshots/tmp/20200507_evalwp_689f4a590fb1e9279907_20200507095731_archive.zip
    [comment] => 
)

FILE ADDED TO ZIP: 4643
COMPRESSION RESULT: '1'
COMPRESSED SIZE: 61.76MB
ARCHIVE RUNTIME: 14.84 sec.
MEMORY STACK: 4MB
building installer
add_extra_files1
add_extra_files2
add_extra_files3
add_extra_files4
Doing archive file check
add_extra_files5
add_extra_files6
add_extra_files8
Successfully opened zip /Users/nab/virtual-hosts/dwwm_Nabil/evalWP/wp-snapshots/tmp/20200507_evalwp_689f4a590fb1e9279907_20200507095731_archive.zip
Adding enhanced installer files to archive using ZipArchive
Installer files added to archive
Added to archive
After ziparchive close when adding installer

********************************************************************************
INTEGRITY CHECKS:
********************************************************************************
SQL FILE: 621.56KB
INSTALLER FILE: 61.32KB
ARCHIVE FILE: 63.09MB 
COMPTE ATTENDU DE FICHIERS/RÉPERTOIRES : 4,644
COMPTE ACTUEL DE FICHIERS/RÉPERTOIRES : 4,643
TEST DE COHÉRENCE D’ARCHIVE : Bon

********************************************************************************
RECORD ID:[1]
TOTAL PROCESS RUNTIME: 16.20 sec.
PEAK PHP MEMORY USED: 6MB
DONE PROCESSING => 20200507_evalwp 7 May 2020 9 h 57 min

